Symlinking /home/swarmmaster/OMTP/OMTP/devel/include/yolov3_pytorch_ros/BoundingBoxes.h
Symlinking /home/swarmmaster/OMTP/OMTP/devel/include/yolov3_pytorch_ros/BoundingBox.h
Symlinking /home/swarmmaster/OMTP/OMTP/devel/lib/pkgconfig/yolov3_pytorch_ros.pc
Symlinking /home/swarmmaster/OMTP/OMTP/devel/lib/python2.7/dist-packages/yolov3_pytorch_ros/__init__.py
Symlinking /home/swarmmaster/OMTP/OMTP/devel/lib/python2.7/dist-packages/yolov3_pytorch_ros/msg/_BoundingBoxes.py
Symlinking /home/swarmmaster/OMTP/OMTP/devel/lib/python2.7/dist-packages/yolov3_pytorch_ros/msg/_BoundingBox.py
Symlinking /home/swarmmaster/OMTP/OMTP/devel/lib/python2.7/dist-packages/yolov3_pytorch_ros/msg/__init__.py
Symlinking /home/swarmmaster/OMTP/OMTP/devel/share/common-lisp/ros/yolov3_pytorch_ros/msg/BoundingBoxes.lisp
Symlinking /home/swarmmaster/OMTP/OMTP/devel/share/common-lisp/ros/yolov3_pytorch_ros/msg/BoundingBox.lisp
Symlinking /home/swarmmaster/OMTP/OMTP/devel/share/common-lisp/ros/yolov3_pytorch_ros/msg/_package_BoundingBox.lisp
Symlinking /home/swarmmaster/OMTP/OMTP/devel/share/common-lisp/ros/yolov3_pytorch_ros/msg/_package.lisp
Symlinking /home/swarmmaster/OMTP/OMTP/devel/share/common-lisp/ros/yolov3_pytorch_ros/msg/yolov3_pytorch_ros-msg.asd
Symlinking /home/swarmmaster/OMTP/OMTP/devel/share/common-lisp/ros/yolov3_pytorch_ros/msg/_package_BoundingBoxes.lisp
Symlinking /home/swarmmaster/OMTP/OMTP/devel/share/gennodejs/ros/yolov3_pytorch_ros/_index.js
Symlinking /home/swarmmaster/OMTP/OMTP/devel/share/gennodejs/ros/yolov3_pytorch_ros/msg/BoundingBoxes.js
Symlinking /home/swarmmaster/OMTP/OMTP/devel/share/gennodejs/ros/yolov3_pytorch_ros/msg/BoundingBox.js
Symlinking /home/swarmmaster/OMTP/OMTP/devel/share/gennodejs/ros/yolov3_pytorch_ros/msg/_index.js
Symlinking /home/swarmmaster/OMTP/OMTP/devel/share/roseus/ros/yolov3_pytorch_ros/manifest.l
Symlinking /home/swarmmaster/OMTP/OMTP/devel/share/roseus/ros/yolov3_pytorch_ros/msg/BoundingBox.l
Symlinking /home/swarmmaster/OMTP/OMTP/devel/share/roseus/ros/yolov3_pytorch_ros/msg/BoundingBoxes.l
Symlinking /home/swarmmaster/OMTP/OMTP/devel/share/yolov3_pytorch_ros/cmake/yolov3_pytorch_rosConfig.cmake
Symlinking /home/swarmmaster/OMTP/OMTP/devel/share/yolov3_pytorch_ros/cmake/yolov3_pytorch_rosConfig-version.cmake
Symlinking /home/swarmmaster/OMTP/OMTP/devel/share/yolov3_pytorch_ros/cmake/yolov3_pytorch_ros-msg-extras.cmake
Symlinking /home/swarmmaster/OMTP/OMTP/devel/share/yolov3_pytorch_ros/cmake/yolov3_pytorch_ros-msg-paths.cmake
